[2026-05-12T17:23:29.774] [DEBUG] debug-file - env: nodejsVersion=v18.20.1
[2026-05-12T17:23:30.599] [DEBUG] debug-file - Hvigor init with startParameters:{
  hvigorfileTypeCheck: false,
  parallelExecution: true,
  incrementalExecution: true,
  printStackTrace: false,
  daemon: false,
  analyze: 0,
  logLevel: Level { level: 20000, levelStr: 'INFO', colour: 'green' },
  optimizationStrategy: 'memory',
  hotCompile: undefined,
  hotReloadBuild: undefined,
  customizedParam: undefined
}
[2026-05-12T17:23:35.601] [DEBUG] debug-file - hvigorfile, require result:  { appTasks: [Getter] }
[2026-05-12T17:23:35.607] [DEBUG] debug-file - Starting plugin build process
[2026-05-12T17:23:36.181] [DEBUG] debug-file - App plugin register hook start...
[2026-05-12T17:23:36.190] [DEBUG] debug-file - Start initialize project's product build option map with build mode debug.
[2026-05-12T17:23:36.203] [DEBUG] debug-file - Obtain build option for product 'default'in this build.
[2026-05-12T17:23:36.238] [DEBUG] debug-file - Start recording SDK configuration permission data.
[2026-05-12T17:23:36.432] [DEBUG] debug-file - failed to load cangjie to dynamically generate schemas: Error: Cannot find module '@ohos/cangjie-build-support/index'
Require stack:
- D:\DevEco Studio\tools\hvigor\hvigor-ohos-plugin\src\plugin\hooks\cangjie-register.js
- D:\DevEco Studio\tools\hvigor\hvigor-ohos-plugin\src\plugin\strategy\stage-init-strategy.js
- D:\DevEco Studio\tools\hvigor\hvigor-ohos-plugin\src\plugin\builder\abstract-plugin-builder.js
- D:\DevEco Studio\tools\hvigor\hvigor-ohos-plugin\src\plugin\builder\app-plugin-builder.js
- D:\DevEco Studio\tools\hvigor\hvigor-ohos-plugin\src\plugin\factory\plugin-factory.js
- D:\DevEco Studio\tools\hvigor\hvigor-ohos-plugin\index.js
- D:\study\SYSU\Fr.S2\OSSDTech\SimpleCalculator-master\hvigorfile.ts
- D:\DevEco Studio\tools\hvigor\hvigor\src\base\internal\lifecycle\configuration.js
- D:\DevEco Studio\tools\hvigor\hvigor\src\base\boot\index.js
- D:\DevEco Studio\tools\hvigor\hvigor\src\cli\main\cli.js
- D:\DevEco Studio\tools\hvigor\hvigor\bin\hvigor.js
[2026-05-12T17:23:36.397] [DEBUG] debug-file - Project task initialization takes 27 ms 
[2026-05-12T17:23:36.473] [DEBUG] debug-file - Start initialize module-target build option map, moduleName=entry, buildMode=release
[2026-05-12T17:23:36.506] [DEBUG] debug-file - project has submodules:entry
[2026-05-12T17:23:36.512] [DEBUG] debug-file - start to load updatedOhPackageInfo to the disk
[2026-05-12T17:23:36.539] [DEBUG] debug-file - Start to initialize dependency information.
[2026-05-12T17:23:36.577] [DEBUG] debug-file - entry : clean cost memory 0.11362457275390625
[2026-05-12T17:23:29.776] [DEBUG] debug-file - env: hvigor-config.json5 content = { modelVersion: '5.0.5', dependencies: {} }
[2026-05-12T17:23:30.600] [DEBUG] debug-file - Since current hvigor version 6.22.4 differs from last hvigor version 
      undefined, delete file-cache.json and task-cache.json.
[2026-05-12T17:23:36.658] [DEBUG] debug-file - Create  resident worker with id: 0.
[2026-05-12T17:23:35.602] [DEBUG] debug-file - hvigorfile, binding system plugins { appTasks: [Getter] }
[2026-05-12T17:23:35.607] [DEBUG] debug-file - App plugin prepare start...
[2026-05-12T17:23:36.182] [DEBUG] debug-file - App plugin register hook end...
[2026-05-12T17:23:36.190] [DEBUG] debug-file - Picking option from product 'default' with build mode 'debug'.
[2026-05-12T17:23:36.207] [DEBUG] debug-file - No signingConfig found, initRemoteHspCache failed.
[2026-05-12T17:23:36.364] [DEBUG] debug-file - Sdk init in 152 ms 
[2026-05-12T17:23:36.397] [DEBUG] debug-file - hvigorfile, resolve finished D:\study\SYSU\Fr.S2\OSSDTech\SimpleCalculator-master\hvigorfile.ts
[2026-05-12T17:23:36.474] [DEBUG] debug-file - Target 'default' config initialized
[2026-05-12T17:23:36.522] [DEBUG] debug-file - load to the disk finished
[2026-05-12T17:23:36.549] [DEBUG] debug-file - Module entry Collected Dependency: 
[2026-05-12T17:23:36.577] [DEBUG] debug-file - runTaskFromQueue task cost before running: 5 s 1000 ms 
[2026-05-12T17:23:29.782] [DEBUG] debug-file - env: daemon=false
[2026-05-12T17:23:30.601] [DEBUG] debug-file - Cache service initialization finished in 2 ms 
[2026-05-12T17:23:36.666] [DEBUG] debug-file - Create  resident worker with id: 1.
[2026-05-12T17:23:35.607] [DEBUG] debug-file - App plugin prepare end...
[2026-05-12T17:23:36.183] [DEBUG] debug-file - Plugin build process completed
[2026-05-12T17:23:36.191] [DEBUG] debug-file - Product 'default' build option initialized
[2026-05-12T17:23:36.216] [DEBUG] debug-file - Local scan or download HarmonyOS sdk components toolchains,ets,js,native,previewer
[2026-05-12T17:23:36.400] [DEBUG] debug-file - hvigorfile, resolving D:\study\SYSU\Fr.S2\OSSDTech\SimpleCalculator-master\entry\hvigorfile.ts
[2026-05-12T17:23:36.475] [DEBUG] debug-file - Module 'entry' target 'default' build option initialized
[2026-05-12T17:23:36.526] [DEBUG] debug-file - Start to initialize dependency information.
[2026-05-12T17:23:36.549] [DEBUG] debug-file - Module entry's total dependency: 0
[2026-05-12T17:23:29.782] [DEBUG] debug-file - no-daemon, use the parent process.execArgv --max-old-space-size=8192,--max-semi-space-size=16,--expose-gc
[2026-05-12T17:23:36.673] [DEBUG] debug-file - Current worker pool is stopped or closed.
[2026-05-12T17:23:36.582] [INFO] debug-file - Finished :entry:clean... after 7 ms 
[2026-05-12T17:23:30.604] [DEBUG] debug-file - hvigorfile, resolving D:\study\SYSU\Fr.S2\OSSDTech\SimpleCalculator-master\hvigorfile.ts
[2026-05-12T17:23:35.607] [DEBUG] debug-file - App plugin creating...
[2026-05-12T17:23:36.192] [DEBUG] debug-file - End initialize project's product build option map with build mode 'debug'.
[2026-05-12T17:23:36.225] [DEBUG] debug-file - Local scan or download hmscore sdk components toolchains,ets,native
[2026-05-12T17:23:36.425] [DEBUG] debug-file - hvigorfile, require result:  { hapTasks: [Getter] }
[2026-05-12T17:23:36.476] [DEBUG] debug-file - End initialize module-target build option map, moduleName=entry
[2026-05-12T17:23:36.533] [DEBUG] debug-file - Module SimpleCalculator-master Collected Dependency: 
[2026-05-12T17:23:36.561] [DEBUG] debug-file - Configuration phase cost:5 s 959 ms 
[2026-05-12T17:23:36.674] [DEBUG] debug-file - Clear worker 0.
[2026-05-12T17:23:36.583] [DEBUG] debug-file - Executing task ::clean
[2026-05-12T17:23:36.425] [DEBUG] debug-file - hvigorfile, binding system plugins { hapTasks: [Getter] }
[2026-05-12T17:23:36.476] [DEBUG] debug-file - Start initialize module-target build option map, moduleName=entry, buildMode=debug
[2026-05-12T17:23:36.533] [DEBUG] debug-file - Module SimpleCalculator-master's total dependency: 0
[2026-05-12T17:23:36.569] [DEBUG] debug-file - Configuration task cost before running: 5 s 991 ms 
[2026-05-12T17:23:36.675] [DEBUG] debug-file - Worker 0 has been cleared.
[2026-05-12T17:23:36.583] [DEBUG] debug-file - clean: Worker pool is inactive.
[2026-05-12T17:23:36.425] [DEBUG] debug-file - Starting plugin build process
[2026-05-12T17:23:36.476] [DEBUG] debug-file - Target 'default' config initialized
[2026-05-12T17:23:36.571] [DEBUG] debug-file - Executing task :entry:clean
[2026-05-12T17:23:36.675] [DEBUG] debug-file - Current idle worker size: 1.
[2026-05-12T17:23:36.583] [DEBUG] debug-file - SimpleCalculator-master : clean cost memory 0.02045440673828125
[2026-05-12T17:23:36.426] [DEBUG] debug-file - Hap plugin creating...
[2026-05-12T17:23:36.477] [DEBUG] debug-file - Module 'entry' target 'default' build option initialized
[2026-05-12T17:23:36.572] [DEBUG] debug-file - clean: Worker pool is inactive.
[2026-05-12T17:23:36.675] [DEBUG] debug-file - Current busy worker size: 0.
[2026-05-12T17:23:36.584] [DEBUG] debug-file - runTaskFromQueue task cost before running: 6 s 6 ms 
[2026-05-12T17:23:36.478] [DEBUG] debug-file - End initialize module-target build option map, moduleName=entry
[2026-05-12T17:23:36.675] [DEBUG] debug-file - Clear worker 1.
[2026-05-12T17:23:36.584] [INFO] debug-file - Finished ::clean... after 1 ms 
[2026-05-12T17:23:36.478] [DEBUG] debug-file - Start initialize module-target build option map, moduleName=entry, buildMode=debug
[2026-05-12T17:23:36.675] [DEBUG] debug-file - Worker 1 has been cleared.
[2026-05-12T17:23:36.585] [DEBUG] debug-file - Executing task :entry:init
[2026-05-12T17:23:36.478] [DEBUG] debug-file - Target 'default' config initialized
[2026-05-12T17:23:36.675] [DEBUG] debug-file - Current idle worker size: 0.
[2026-05-12T17:23:36.478] [DEBUG] debug-file - Module 'entry' target 'default' build option initialized
[2026-05-12T17:23:36.585] [DEBUG] debug-file - entry : init cost memory 0.01265716552734375
[2026-05-12T17:23:36.675] [DEBUG] debug-file - Current busy worker size: 0.
[2026-05-12T17:23:36.478] [DEBUG] debug-file - End initialize module-target build option map, moduleName=entry
[2026-05-12T17:23:36.586] [DEBUG] debug-file - runTaskFromQueue task cost before running: 6 s 8 ms 
[2026-05-12T17:23:36.677] [DEBUG] debug-file - hvigor build process will be closed.
[2026-05-12T17:23:36.479] [DEBUG] debug-file - Obtain build option for module 'entry' target 'default'in this build.
[2026-05-12T17:23:36.586] [INFO] debug-file - Finished :entry:init... after 1 ms 
[2026-05-12T17:23:36.694] [DEBUG] debug-file - worker[0] exits with exit code 0.
[2026-05-12T17:23:36.501] [DEBUG] debug-file - Module entry task initialization takes 20 ms 
[2026-05-12T17:23:36.586] [DEBUG] debug-file - Executing task ::init
[2026-05-12T17:23:36.695] [DEBUG] debug-file - worker[1] exits with exit code 0.
[2026-05-12T17:23:36.502] [DEBUG] debug-file - Hap plugin register hook start...
[2026-05-12T17:23:36.587] [DEBUG] debug-file - SimpleCalculator-master : init cost memory 0.01141357421875
[2026-05-12T17:23:36.698] [DEBUG] debug-file - Current worker pool is terminated.
[2026-05-12T17:23:36.502] [DEBUG] debug-file - Hap plugin register hook end...
[2026-05-12T17:23:36.587] [DEBUG] debug-file - runTaskFromQueue task cost before running: 6 s 10 ms 
[2026-05-12T17:23:36.502] [DEBUG] debug-file - Plugin build process completed
[2026-05-12T17:23:36.587] [INFO] debug-file - Finished ::init... after 1 ms 
[2026-05-12T17:23:36.502] [DEBUG] debug-file - hvigorfile, resolve finished D:\study\SYSU\Fr.S2\OSSDTech\SimpleCalculator-master\entry\hvigorfile.ts
[2026-05-12T17:23:36.617] [DEBUG] debug-file - Obtain build option for module 'entry' target 'default'in this build.
[2026-05-12T17:23:36.652] [DEBUG] debug-file - Since there is no instance or instance is terminated, create a new worker pool.
[2026-05-12T17:23:36.652] [DEBUG] debug-file - Worker pool is initialized with config:  {
  minPoolNum: 2,
  maxPoolNum: undefined,
  maxCoreSize: undefined,
  cacheCapacity: undefined,
  cacheTtl: undefined
}
[2026-05-12T17:24:38.136] [DEBUG] debug-file - env: nodejsVersion=v18.20.1
[2026-05-12T17:24:38.213] [DEBUG] debug-file - env: daemon=true
[2026-05-12T17:24:38.139] [DEBUG] debug-file - env: hvigor-config.json5 content = { modelVersion: '5.0.5', dependencies: {} }
[2026-05-12T17:24:39.057] [DEBUG] debug-file - java daemon tryConnect failed Error: connect ECONNREFUSED 127.0.0.1:45050
[2026-05-12T17:24:39.062] [DEBUG] debug-file - java daemon started at port 45050 pid 3852
[2026-05-12T17:24:39.096] [DEBUG] debug-file - session manager: set active socket. socketId=jkeYrojJ-qEnADUBAAAB
[2026-05-12T17:24:39.904] [DEBUG] debug-file - watch worker: worker id should be larger than 0. Nothing will be sent to any worker thread.
[2026-05-12T17:24:39.907] [DEBUG] debug-file - Since there is no instance or instance is terminated, create a new worker pool.
[2026-05-12T17:24:39.908] [DEBUG] debug-file - Worker pool is initialized with config:  {
  minPoolNum: 2,
  maxPoolNum: undefined,
  maxCoreSize: undefined,
  cacheCapacity: undefined,
  cacheTtl: undefined
}
[2026-05-12T17:24:39.909] [DEBUG] debug-file - Create  resident worker with id: 0.
[2026-05-12T17:24:39.911] [DEBUG] debug-file - Create  resident worker with id: 1.
[2026-05-12T17:24:39.913] [DEBUG] debug-file - Workers' log level updated to INFO
[2026-05-12T17:24:39.921] [DEBUG] debug-file - Hvigor init with startParameters:{
  hvigorfileTypeCheck: false,
  parallelExecution: true,
  incrementalExecution: true,
  printStackTrace: false,
  daemon: true,
  analyze: 0,
  logLevel: Level { level: 20000, levelStr: 'INFO', colour: 'green' },
  optimizationStrategy: 'memory',
  hotCompile: undefined,
  hotReloadBuild: undefined,
  customizedParam: undefined
}
[2026-05-12T17:24:39.922] [DEBUG] debug-file - Cache service initialization finished in 1 ms 
[2026-05-12T17:24:39.924] [DEBUG] debug-file - hvigorfile, resolving D:\study\SYSU\Fr.S2\OSSDTech\SimpleCalculator-master\hvigorfile.ts
[2026-05-12T17:24:41.685] [DEBUG] debug-file - hvigorfile, require result:  {}
[2026-05-12T17:24:41.685] [DEBUG] debug-file - hvigorfile, binding system plugins {}
[2026-05-12T17:24:41.686] [DEBUG] debug-file - Starting plugin build process
[2026-05-12T17:24:41.686] [DEBUG] debug-file - App plugin prepare start...
[2026-05-12T17:24:41.686] [DEBUG] debug-file - App plugin prepare end...
[2026-05-12T17:24:41.686] [DEBUG] debug-file - App plugin creating...
[2026-05-12T17:24:41.899] [DEBUG] debug-file - App plugin register hook start...
[2026-05-12T17:24:41.899] [DEBUG] debug-file - App plugin register hook end...
[2026-05-12T17:24:41.899] [DEBUG] debug-file - Plugin build process completed
[2026-05-12T17:24:41.901] [DEBUG] debug-file - Start initialize project's product build option map with build mode debug.
[2026-05-12T17:24:41.901] [DEBUG] debug-file - Picking option from product 'default' with build mode 'debug'.
[2026-05-12T17:24:41.902] [DEBUG] debug-file - Product 'default' build option initialized
[2026-05-12T17:24:41.902] [DEBUG] debug-file - End initialize project's product build option map with build mode 'debug'.
[2026-05-12T17:24:41.904] [DEBUG] debug-file - Obtain build option for product 'default'in this build.
[2026-05-12T17:24:41.906] [DEBUG] debug-file - No signingConfig found, initRemoteHspCache failed.
[2026-05-12T17:24:41.909] [DEBUG] debug-file - Local scan or download HarmonyOS sdk components toolchains,ets,js,native,previewer
[2026-05-12T17:24:41.913] [DEBUG] debug-file - Local scan or download hmscore sdk components toolchains,ets,native
[2026-05-12T17:24:41.915] [DEBUG] debug-file - Start recording SDK configuration permission data.
[2026-05-12T17:24:41.963] [DEBUG] debug-file - Sdk init in 56 ms 
[2026-05-12T17:24:41.970] [DEBUG] debug-file - Project task initialization takes 6 ms 
[2026-05-12T17:24:41.971] [DEBUG] debug-file - hvigorfile, resolve finished D:\study\SYSU\Fr.S2\OSSDTech\SimpleCalculator-master\hvigorfile.ts
[2026-05-12T17:24:41.972] [DEBUG] debug-file - hvigorfile, resolving D:\study\SYSU\Fr.S2\OSSDTech\SimpleCalculator-master\entry\hvigorfile.ts
[2026-05-12T17:24:41.978] [DEBUG] debug-file - hvigorfile, require result:  {}
[2026-05-12T17:24:41.978] [DEBUG] debug-file - hvigorfile, binding system plugins {}
[2026-05-12T17:24:41.979] [DEBUG] debug-file - Starting plugin build process
[2026-05-12T17:24:41.979] [DEBUG] debug-file - Hap plugin creating...
[2026-05-12T17:24:41.980] [DEBUG] debug-file - failed to load cangjie to dynamically generate schemas: Error: Cannot find module '@ohos/cangjie-build-support/index'
Require stack:
- D:\DevEco Studio\tools\hvigor\hvigor-ohos-plugin\src\plugin\hooks\cangjie-register.js
- D:\DevEco Studio\tools\hvigor\hvigor-ohos-plugin\src\plugin\strategy\stage-init-strategy.js
- D:\DevEco Studio\tools\hvigor\hvigor-ohos-plugin\src\plugin\builder\abstract-plugin-builder.js
- D:\DevEco Studio\tools\hvigor\hvigor-ohos-plugin\src\plugin\builder\app-plugin-builder.js
- D:\DevEco Studio\tools\hvigor\hvigor-ohos-plugin\src\plugin\factory\plugin-factory.js
- D:\DevEco Studio\tools\hvigor\hvigor-ohos-plugin\index.js
- D:\study\SYSU\Fr.S2\OSSDTech\SimpleCalculator-master\hvigorfile.ts
- D:\DevEco Studio\tools\hvigor\hvigor\src\base\internal\lifecycle\configuration.js
- D:\DevEco Studio\tools\hvigor\hvigor\src\base\boot\index.js
- D:\DevEco Studio\tools\hvigor\hvigor\src\base\daemon\cluster\worker-process-lifecycle.js
- D:\DevEco Studio\tools\hvigor\hvigor\src\base\daemon\process\daemon-process-boot-script.js
[2026-05-12T17:24:41.995] [DEBUG] debug-file - Start initialize module-target build option map, moduleName=entry, buildMode=release
[2026-05-12T17:24:41.995] [DEBUG] debug-file - Target 'default' config initialized
[2026-05-12T17:24:41.996] [DEBUG] debug-file - Module 'entry' target 'default' build option initialized
[2026-05-12T17:24:41.996] [DEBUG] debug-file - End initialize module-target build option map, moduleName=entry
[2026-05-12T17:24:41.996] [DEBUG] debug-file - Start initialize module-target build option map, moduleName=entry, buildMode=debug
[2026-05-12T17:24:41.996] [DEBUG] debug-file - Target 'default' config initialized
[2026-05-12T17:24:41.996] [DEBUG] debug-file - Module 'entry' target 'default' build option initialized
[2026-05-12T17:24:41.997] [DEBUG] debug-file - End initialize module-target build option map, moduleName=entry
[2026-05-12T17:24:41.997] [DEBUG] debug-file - Start initialize module-target build option map, moduleName=entry, buildMode=debug
[2026-05-12T17:24:41.997] [DEBUG] debug-file - Target 'default' config initialized
[2026-05-12T17:24:41.997] [DEBUG] debug-file - Module 'entry' target 'default' build option initialized
[2026-05-12T17:24:41.997] [DEBUG] debug-file - End initialize module-target build option map, moduleName=entry
[2026-05-12T17:24:41.997] [DEBUG] debug-file - Obtain build option for module 'entry' target 'default'in this build.
[2026-05-12T17:24:42.003] [DEBUG] debug-file - Module entry task initialization takes 5 ms 
[2026-05-12T17:24:42.003] [DEBUG] debug-file - Hap plugin register hook start...
[2026-05-12T17:24:42.003] [DEBUG] debug-file - Hap plugin register hook end...
[2026-05-12T17:24:42.003] [DEBUG] debug-file - Plugin build process completed
[2026-05-12T17:24:42.003] [DEBUG] debug-file - hvigorfile, resolve finished D:\study\SYSU\Fr.S2\OSSDTech\SimpleCalculator-master\entry\hvigorfile.ts
[2026-05-12T17:24:42.023] [DEBUG] debug-file - hvigorfile, resolve hvigorfile dependencies in 20 ms 
[2026-05-12T17:24:42.023] [DEBUG] debug-file - project has submodules:entry
[2026-05-12T17:24:42.025] [DEBUG] debug-file - start to load updatedOhPackageInfo to the disk
[2026-05-12T17:24:42.033] [DEBUG] debug-file - load to the disk finished
[2026-05-12T17:24:42.035] [DEBUG] debug-file - Start to initialize dependency information.
[2026-05-12T17:24:42.039] [DEBUG] debug-file - Module SimpleCalculator-master Collected Dependency: 
[2026-05-12T17:24:42.039] [DEBUG] debug-file - Module SimpleCalculator-master's total dependency: 0
[2026-05-12T17:24:42.041] [DEBUG] debug-file - Start to initialize dependency information.
[2026-05-12T17:24:42.043] [DEBUG] debug-file - Module entry Collected Dependency: 
[2026-05-12T17:24:42.044] [DEBUG] debug-file - Module entry's total dependency: 0
[2026-05-12T17:24:42.048] [DEBUG] debug-file - Configuration phase cost:2 s 126 ms 
[2026-05-12T17:24:42.051] [DEBUG] debug-file - Configuration task cost before running: 2 s 137 ms 
[2026-05-12T17:24:42.058] [DEBUG] debug-file - Executing task :entry:default@PreBuild
[2026-05-12T17:24:42.060] [DEBUG] debug-file - Task 'entry:default@PreBuild' cost while wrapping incremental declarations: 1 ms 
[2026-05-12T17:24:42.251] [DEBUG] debug-file - current product is not Atomic service.
[2026-05-12T17:24:42.252] [DEBUG] debug-file - Use tool [win32: JAVA_HOME, CLASSPATH]
 [ { JAVA_HOME: 'D:\\DevEco Studio\\jbr' }, { CLASSPATH: undefined } ]
[2026-05-12T17:24:42.252] [DEBUG] debug-file - Use tool [win32: NODE_HOME]
 [ { NODE_HOME: 'D:\\DevEco Studio\\tools\\node' } ]
[2026-05-12T17:24:42.254] [DEBUG] debug-file - entry : default@PreBuild cost memory 17.415496826171875
[2026-05-12T17:24:42.254] [DEBUG] debug-file - runTaskFromQueue task cost before running: 2 s 341 ms 
[2026-05-12T17:24:42.256] [INFO] debug-file - Finished :entry:default@PreBuild... after 196 ms 
[2026-05-12T17:24:42.258] [DEBUG] debug-file - Executing task :entry:default@CreateModuleInfo
[2026-05-12T17:24:42.258] [DEBUG] debug-file - Task 'entry:default@CreateModuleInfo' cost while wrapping incremental declarations: 1 ms 
[2026-05-12T17:24:42.259] [DEBUG] debug-file - entry : default@CreateModuleInfo cost memory 0.28881072998046875
[2026-05-12T17:24:42.259] [DEBUG] debug-file - runTaskFromQueue task cost before running: 2 s 345 ms 
[2026-05-12T17:24:42.259] [INFO] debug-file - Finished :entry:default@CreateModuleInfo... after 2 ms 
[2026-05-12T17:24:42.260] [DEBUG] debug-file - Executing task :entry:default@GenerateMetadata
[2026-05-12T17:24:42.261] [DEBUG] debug-file - Task 'entry:default@GenerateMetadata' cost while wrapping incremental declarations: 1 ms 
[2026-05-12T17:24:42.264] [DEBUG] debug-file - entry : default@GenerateMetadata cost memory 0.06748199462890625
[2026-05-12T17:24:42.264] [DEBUG] debug-file - runTaskFromQueue task cost before running: 2 s 351 ms 
[2026-05-12T17:24:42.264] [INFO] debug-file - Finished :entry:default@GenerateMetadata... after 4 ms 
[2026-05-12T17:24:42.266] [DEBUG] debug-file - Executing task :entry:default@ConfigureCmake
[2026-05-12T17:24:42.266] [DEBUG] debug-file - entry : default@ConfigureCmake cost memory 0.0145263671875
[2026-05-12T17:24:42.266] [DEBUG] debug-file - runTaskFromQueue task cost before running: 2 s 353 ms 
[2026-05-12T17:24:42.266] [INFO] debug-file - Finished :entry:default@ConfigureCmake... after 1 ms 
[2026-05-12T17:24:42.268] [DEBUG] debug-file - Executing task :entry:default@MergeProfile
[2026-05-12T17:24:42.268] [DEBUG] debug-file - Task 'entry:default@MergeProfile' cost while wrapping incremental declarations: 1 ms 
[2026-05-12T17:24:42.269] [DEBUG] debug-file - Change app api release type with 'Release'
[2026-05-12T17:24:42.270] [DEBUG] debug-file - Change app compile API version with '6.0.2.130'
[2026-05-12T17:24:42.270] [DEBUG] debug-file - Change app target API version with '60002022'
[2026-05-12T17:24:42.270] [DEBUG] debug-file - Change app minimum API version with '50005017'
[2026-05-12T17:24:42.270] [DEBUG] debug-file - Use cli appEnvironment
[2026-05-12T17:24:42.272] [DEBUG] debug-file - entry : default@MergeProfile cost memory 0.15052032470703125
[2026-05-12T17:24:42.272] [DEBUG] debug-file - runTaskFromQueue task cost before running: 2 s 359 ms 
[2026-05-12T17:24:42.272] [INFO] debug-file - Finished :entry:default@MergeProfile... after 5 ms 
[2026-05-12T17:24:42.274] [DEBUG] debug-file - Executing task :entry:default@CreateBuildProfile
[2026-05-12T17:24:42.275] [DEBUG] debug-file - Task 'entry:default@CreateBuildProfile' cost while wrapping incremental declarations: 1 ms 
[2026-05-12T17:24:42.277] [DEBUG] debug-file - entry : default@CreateBuildProfile cost memory 0.07000732421875
[2026-05-12T17:24:42.277] [DEBUG] debug-file - runTaskFromQueue task cost before running: 2 s 364 ms 
[2026-05-12T17:24:42.277] [INFO] debug-file - Finished :entry:default@CreateBuildProfile... after 4 ms 
[2026-05-12T17:24:42.279] [DEBUG] debug-file - Executing task :entry:default@PreCheckSyscap
[2026-05-12T17:24:42.279] [DEBUG] debug-file - entry : default@PreCheckSyscap cost memory 0.01476287841796875
[2026-05-12T17:24:42.279] [DEBUG] debug-file - runTaskFromQueue task cost before running: 2 s 366 ms 
[2026-05-12T17:24:42.279] [INFO] debug-file - Finished :entry:default@PreCheckSyscap... after 1 ms 
[2026-05-12T17:24:42.285] [DEBUG] debug-file - Executing task :entry:default@GeneratePkgContextInfo
[2026-05-12T17:24:42.294] [DEBUG] debug-file - Task 'entry:default@GeneratePkgContextInfo' cost while wrapping incremental declarations: 1 ms 
[2026-05-12T17:24:42.295] [DEBUG] debug-file - entry : default@GeneratePkgContextInfo cost memory 0.35809326171875
[2026-05-12T17:24:42.295] [DEBUG] debug-file - runTaskFromQueue task cost before running: 2 s 382 ms 
[2026-05-12T17:24:42.296] [INFO] debug-file - Finished :entry:default@GeneratePkgContextInfo... after 11 ms 
[2026-05-12T17:24:42.300] [DEBUG] debug-file - Executing task :entry:default@ProcessIntegratedHsp
[2026-05-12T17:24:42.301] [DEBUG] debug-file - entry : default@ProcessIntegratedHsp cost memory 0.031158447265625
[2026-05-12T17:24:42.301] [DEBUG] debug-file - runTaskFromQueue task cost before running: 2 s 388 ms 
[2026-05-12T17:24:42.302] [INFO] debug-file - Finished :entry:default@ProcessIntegratedHsp... after 2 ms 
[2026-05-12T17:24:42.304] [DEBUG] debug-file - Executing task :entry:default@BuildNativeWithCmake
[2026-05-12T17:24:42.305] [DEBUG] debug-file - entry : default@BuildNativeWithCmake cost memory 0.0149078369140625
[2026-05-12T17:24:42.305] [DEBUG] debug-file - runTaskFromQueue task cost before running: 2 s 392 ms 
[2026-05-12T17:24:42.305] [INFO] debug-file - Finished :entry:default@BuildNativeWithCmake... after 1 ms 
[2026-05-12T17:24:42.308] [DEBUG] debug-file - Executing task :entry:default@MakePackInfo
[2026-05-12T17:24:42.312] [DEBUG] debug-file - Module Pack Info:  {
  summary: {
    app: { bundleName: 'c***r', bundleType: 'app', version: [Object] },
    modules: [ [Object] ]
  },
  packages: [
    {
      deviceType: [Array],
      moduleType: 'entry',
      deliveryWithInstall: true,
      name: 'entry-default'
    }
  ]
}
[2026-05-12T17:24:42.315] [DEBUG] debug-file - entry : default@MakePackInfo cost memory 0.26800537109375
[2026-05-12T17:24:42.315] [DEBUG] debug-file - runTaskFromQueue task cost before running: 2 s 402 ms 
[2026-05-12T17:24:42.316] [INFO] debug-file - Finished :entry:default@MakePackInfo... after 7 ms 
[2026-05-12T17:24:42.319] [DEBUG] debug-file - Executing task :entry:default@SyscapTransform
[2026-05-12T17:24:42.319] [DEBUG] debug-file - File: 'D:\study\SYSU\Fr.S2\OSSDTech\SimpleCalculator-master\entry\src\main\syscap.json' from 'sysCapJsonPath' is not exists, just ignore.
[2026-05-12T17:24:42.320] [DEBUG] debug-file - Task 'entry:default@SyscapTransform' cost while wrapping incremental declarations: 2 ms 
[2026-05-12T17:24:42.322] [DEBUG] debug-file - entry : default@SyscapTransform cost memory 0.05731964111328125
[2026-05-12T17:24:42.322] [DEBUG] debug-file - runTaskFromQueue task cost before running: 2 s 409 ms 
[2026-05-12T17:24:42.322] [INFO] debug-file - Finished :entry:default@SyscapTransform... after 4 ms 
[2026-05-12T17:24:42.327] [DEBUG] debug-file - Executing task :entry:default@ProcessProfile
[2026-05-12T17:24:42.330] [DEBUG] debug-file - Task 'entry:default@ProcessProfile' cost while wrapping incremental declarations: 1 ms 
[2026-05-12T17:24:42.333] [DEBUG] debug-file - [
  'D:\\DevEco Studio\\tools\\node\\node.exe',
  'D:\\DevEco Studio\\sdk\\default\\openharmony\\ets\\build-tools\\ets-loader\\bin\\ark\\ts2abc.js',
  '--target-api-version',
  '17'
]
[2026-05-12T17:24:42.966] [DEBUG] debug-file - 12.0.6.0
[2026-05-12T17:24:42.969] [DEBUG] debug-file - No need to add fake ui ability because of not in preview process.
[2026-05-12T17:24:42.970] [DEBUG] debug-file - entry : default@ProcessProfile cost memory 2.0768661499023438
[2026-05-12T17:24:42.970] [DEBUG] debug-file - runTaskFromQueue task cost before running: 3 s 56 ms 
[2026-05-12T17:24:42.970] [INFO] debug-file - Finished :entry:default@ProcessProfile... after 644 ms 
[2026-05-12T17:24:42.971] [DEBUG] debug-file - Executing task :entry:default@ProcessRouterMap
[2026-05-12T17:24:42.975] [DEBUG] debug-file - entry : default@ProcessRouterMap cost memory 0.09290313720703125
[2026-05-12T17:24:42.975] [DEBUG] debug-file - runTaskFromQueue task cost before running: 3 s 62 ms 
[2026-05-12T17:24:42.976] [INFO] debug-file - Finished :entry:default@ProcessRouterMap... after 4 ms 
[2026-05-12T17:24:42.977] [DEBUG] debug-file - Executing task :entry:default@ProcessShareConfig
[2026-05-12T17:24:42.979] [DEBUG] debug-file - entry : default@ProcessShareConfig cost memory 0.0731964111328125
[2026-05-12T17:24:42.980] [DEBUG] debug-file - runTaskFromQueue task cost before running: 3 s 66 ms 
[2026-05-12T17:24:42.980] [INFO] debug-file - Finished :entry:default@ProcessShareConfig... after 3 ms 
[2026-05-12T17:24:42.981] [DEBUG] debug-file - Executing task :entry:default@ProcessStartupConfig
[2026-05-12T17:24:42.981] [DEBUG] debug-file - Task 'entry:default@ProcessStartupConfig' cost while wrapping incremental declarations: 1 ms 
[2026-05-12T17:24:42.982] [DEBUG] debug-file - entry : default@ProcessStartupConfig cost memory 0.06569671630859375
[2026-05-12T17:24:42.983] [DEBUG] debug-file - runTaskFromQueue task cost before running: 3 s 69 ms 
[2026-05-12T17:24:42.983] [INFO] debug-file - Finished :entry:default@ProcessStartupConfig... after 2 ms 
[2026-05-12T17:24:42.984] [DEBUG] debug-file - Executing task :entry:default@BuildNativeWithNinja
[2026-05-12T17:24:42.985] [DEBUG] debug-file - entry : default@BuildNativeWithNinja cost memory 0.0289154052734375
[2026-05-12T17:24:42.986] [DEBUG] debug-file - runTaskFromQueue task cost before running: 3 s 72 ms 
[2026-05-12T17:24:42.986] [INFO] debug-file - Finished :entry:default@BuildNativeWithNinja... after 2 ms 
[2026-05-12T17:24:42.987] [DEBUG] debug-file - restool module names: entry; moduleName=entry, taskName=default@ProcessResource
[2026-05-12T17:24:42.990] [DEBUG] debug-file - Executing task :entry:default@ProcessResource
[2026-05-12T17:24:42.990] [DEBUG] debug-file - Task 'entry:default@ProcessResource' cost while wrapping incremental declarations: 1 ms 
[2026-05-12T17:24:42.992] [DEBUG] debug-file - entry : default@ProcessResource cost memory 0.12723541259765625
[2026-05-12T17:24:42.992] [DEBUG] debug-file - runTaskFromQueue task cost before running: 3 s 79 ms 
[2026-05-12T17:24:42.993] [INFO] debug-file - Finished :entry:default@ProcessResource... after 4 ms 
[2026-05-12T17:24:42.995] [DEBUG] debug-file - Executing task :entry:default@GenerateLoaderJson
[2026-05-12T17:24:42.996] [DEBUG] debug-file - Task 'entry:default@GenerateLoaderJson' cost while wrapping incremental declarations: 1 ms 
[2026-05-12T17:24:43.006] [DEBUG] debug-file - entry : default@GenerateLoaderJson cost memory 0.5607070922851562
[2026-05-12T17:24:43.006] [DEBUG] debug-file - runTaskFromQueue task cost before running: 3 s 92 ms 
[2026-05-12T17:24:43.008] [INFO] debug-file - Finished :entry:default@GenerateLoaderJson... after 11 ms 
[2026-05-12T17:24:43.009] [DEBUG] debug-file - Executing task :entry:default@ProcessLibs
[2026-05-12T17:24:43.015] [DEBUG] debug-file - Worker dispatch failed, running processLibs on main thread.
[2026-05-12T17:24:43.016] [DEBUG] debug-file - entry : default@ProcessLibs cost memory 0.47605133056640625
[2026-05-12T17:24:43.016] [DEBUG] debug-file - runTaskFromQueue task cost before running: 3 s 102 ms 
[2026-05-12T17:24:43.016] [INFO] debug-file - Finished :entry:default@ProcessLibs... after 7 ms 
[2026-05-12T17:24:43.017] [DEBUG] debug-file - restool module names: entry; moduleName=entry, taskName=default@CompileResource
[2026-05-12T17:24:43.018] [DEBUG] debug-file - Executing task :entry:default@CompileResource
[2026-05-12T17:24:43.025] [DEBUG] debug-file - Use tool [D:\DevEco Studio\sdk\default\openharmony\toolchains\restool.exe]
 [
  'D:\\DevEco Studio\\sdk\\default\\openharmony\\toolchains\\restool.exe',
  '-l',
  'D:\\study\\SYSU\\Fr.S2\\OSSDTech\\SimpleCalculator-master\\entry\\build\\default\\intermediates\\res\\default\\resConfig.json'
]
[2026-05-12T17:24:43.026] [DEBUG] debug-file - current process  memoryUsage: {
  rss: 269021184,
  heapTotal: 166375424,
  heapUsed: 139714664,
  external: 3087338,
  arrayBuffers: 186096
} os memoryUsage :20.218528747558594
[2026-05-12T17:24:43.334] [DEBUG] debug-file - Info: Pack: normal pack mode

[2026-05-12T17:24:44.010] [DEBUG] debug-file - Info: hardware concurrency count is : 32
Info: thread count is : 32

[2026-05-12T17:24:44.011] [DEBUG] debug-file - Info: thread pool is started

[2026-05-12T17:24:44.011] [DEBUG] debug-file - Info: GenericCompiler::CompileFiles

[2026-05-12T17:24:44.016] [DEBUG] debug-file - Info: GenericCompiler::CompileFiles

[2026-05-12T17:24:44.022] [DEBUG] debug-file - Info: GenericCompiler::CompileFiles

[2026-05-12T17:24:44.026] [DEBUG] debug-file - 05-12 17:24:44.027 39240 34628 E C01400/ImageTranscoderUtils: DecodeToRGBA IN

[2026-05-12T17:24:44.027] [DEBUG] debug-file - 05-12 17:24:44.027 39240 34628 E C01400/ImageTranscoderUtils: ImageFilter IN D:\study\SYSU\Fr.S2\OSSDTech\SimpleCalculator-master\AppScope\resources\base\media\app_icon.png

[2026-05-12T17:24:44.038] [DEBUG] debug-file - 05-12 17:24:44.039 39240 34628 E C01400/ImageTranscoder: TranscodeSLR Only zoom-out is supported.

[2026-05-12T17:24:44.038] [DEBUG] debug-file - Warning: ScaleImage failed, error message: INVALID_PARAMETERS, file path = D:\study\SYSU\Fr.S2\OSSDTech\SimpleCalculator-master\AppScope\resources\base\media\app_icon.png

[2026-05-12T17:24:44.040] [DEBUG] debug-file - 05-12 17:24:44.041 39240 34628 E C01400/ImageTranscoderUtils: DecodeToRGBA IN
05-12 17:24:44.041 39240 34628 E C01400/ImageTranscoderUtils: ImageFilter IN D:\study\SYSU\Fr.S2\OSSDTech\SimpleCalculator-master\entry\src\main\resources\base\media\icon.png

[2026-05-12T17:24:44.042] [DEBUG] debug-file - 05-12 17:24:44.042 39240 34628 E C01400/ImageTranscoder: TranscodeSLR Only zoom-out is supported.
Warning: ScaleImage failed, error message: INVALID_PARAMETERS, file path = D:\study\SYSU\Fr.S2\OSSDTech\SimpleCalculator-master\entry\src\main\resources\base\media\icon.png

[2026-05-12T17:24:44.043] [DEBUG] debug-file - Warning: The width or height of the png file referenced by the icon exceeds the limit (41 pixels)
at D:\study\SYSU\Fr.S2\OSSDTech\SimpleCalculator-master\AppScope\resources\base\media\app_icon.png

[2026-05-12T17:24:44.044] [DEBUG] debug-file - Warning: The width or height of the png file referenced by the icon exceeds the limit (41 pixels)
at D:\study\SYSU\Fr.S2\OSSDTech\SimpleCalculator-master\entry\src\main\resources\base\media\icon.png

[2026-05-12T17:24:44.044] [DEBUG] debug-file - Info: restool resources compile success.

[2026-05-12T17:24:44.045] [DEBUG] debug-file - Info: thread pool is stopped

[2026-05-12T17:24:44.115] [DEBUG] debug-file - entry : default@CompileResource cost memory 0.6400222778320312
[2026-05-12T17:24:44.115] [DEBUG] debug-file - runTaskFromQueue task cost before running: 4 s 202 ms 
[2026-05-12T17:24:44.116] [INFO] debug-file - Finished :entry:default@CompileResource... after 1 s 98 ms 
[2026-05-12T17:24:44.117] [DEBUG] debug-file - Executing task :entry:default@DoNativeStrip
[2026-05-12T17:24:44.117] [DEBUG] debug-file - Task 'entry:default@DoNativeStrip' cost while wrapping incremental declarations: 1 ms 
[2026-05-12T17:24:44.119] [DEBUG] debug-file - entry : default@DoNativeStrip cost memory 0.06159210205078125
[2026-05-12T17:24:44.119] [DEBUG] debug-file - runTaskFromQueue task cost before running: 4 s 205 ms 
[2026-05-12T17:24:44.119] [INFO] debug-file - Finished :entry:default@DoNativeStrip... after 3 ms 
[2026-05-12T17:24:44.120] [DEBUG] debug-file - Executing task :entry:default@CompileArkTS
[2026-05-12T17:24:44.121] [DEBUG] debug-file - obfuscationOptions: undefined
[2026-05-12T17:24:44.122] [DEBUG] debug-file - Task 'entry:default@CompileArkTS' cost while wrapping incremental declarations: 1 ms 
[2026-05-12T17:24:44.132] [DEBUG] debug-file - build config:
[2026-05-12T17:24:44.132] [DEBUG] debug-file - {
  moduleType: 'entry',
  perf: 0,
  targetName: '.default',
  packageManagerType: 'ohpm',
  localPropertiesPath: 'D:\\study\\SYSU\\Fr.S2\\OSSDTech\\SimpleCalculator-master\\local.properties',
  isPreview: false,
  isOhosTest: false,
  isLocalTest: false,
  buildMode: 'Debug',
  hotReloadBuild: undefined,
  watchMode: 'false',
  aceProfilePath: 'D:\\study\\SYSU\\Fr.S2\\OSSDTech\\SimpleCalculator-master\\entry\\build\\default\\intermediates\\res\\default\\resources\\base\\profile',
  etsLoaderPath: 'D:\\DevEco Studio\\sdk\\default\\openharmony\\ets\\build-tools\\ets-loader',
  modulePath: 'D:\\study\\SYSU\\Fr.S2\\OSSDTech\\SimpleCalculator-master\\entry',
  testFrameworkPar: {
    testMode: undefined,
    coveragePathFilter: undefined,
    coverageMode: undefined
  },
  needCoverageInsert: false,
  debugLine: false,
  projectTopDir: 'D:\\study\\SYSU\\Fr.S2\\OSSDTech\\SimpleCalculator-master',
  compileSdkVersion: 22,
  compatibleSdkVersion: 17,
  originCompatibleSdkVersion: '5.0.5(17)',
  compatibleSdkVersionStage: undefined,
  bundleName: 'c***r',
  etsLoaderVersion: '6.0.2.130',
  etsLoaderReleaseType: 'Release',
  aotCompileMode: 'type',
  apPath: 'D:\\study\\SYSU\\Fr.S2\\OSSDTech\\SimpleCalculator-master\\entry\\modules.ap',
  entryModuleName: 'entry',
  entryModuleVersion: '1.0.0',
  entryPackageName: 'entry',
  allModuleNameHash: '6144674ea9eedab29a401dfefcc9135db745177f29c485a81b9a53d1e7c9469b',
  externalApiPaths: [ 'D:\\DevEco Studio\\sdk\\default\\hms\\ets' ],
  compilerTypes: [],
  isCrossplatform: false,
  hvigorPluginFile: undefined,
  compilePluginPath: undefined,
  buildGeneratedProfilePath: 'D:\\study\\SYSU\\Fr.S2\\OSSDTech\\SimpleCalculator-master\\entry\\build\\default\\generated\\profile\\default',
  bundleType: 'app',
  arkTSVersion: undefined,
  apiVersion: 22,
  needCompleteSourcesMap: false,
  isFaMode: false,
  buildDir: 'D:\\study\\SYSU\\Fr.S2\\OSSDTech\\SimpleCalculator-master\\entry\\build',
  deviceTypes: [ 'phone' ],
  pkgContextInfo: undefined,
  ohPackagePathMap: {},
  dependencyAliasMap: {},
  permission: { requestPermissions: undefined, definePermissions: undefined },
  useGetCurrentBundleName: false,
  projectArkOption: undefined,
  sourceMapDir: undefined,
  branchElimination: false,
  transformLib: undefined,
  tsImportSendable: false,
  resolveConflictMode: true,
  depName2RootPath: {},
  depName2DepInfo: {},
  rootPathSet: [ 'D:\\study\\SYSU\\Fr.S2\\OSSDTech\\SimpleCalculator-master' ],
  useNativeResolver: true,
  shouldEmitJs: true,
  useTscResolve: false,
  singleFileEmit: false,
  userProjectConfig: {
    autoLazyImport: false,
    allowEmptyBundleName: false,
    reExportCheckMode: 'noCheck',
    executionMode: 'memory',
    usePathPlaceholder: false,
    writeRollupCache: true,
    isExpandImportEnabled: false,
    expandImportExclude: '',
    lazyImportExclude: '',
    lazyImportInclude: '',
    ignoreCrossplatformCheck: false,
    isHarDeduplicateEnabled: false,
    skipOhModulesLint: false,
    enableStrictCheckOHModule: false,
    disableSendableCheckRules: [],
    useDeclarationFileSignature: false,
    customizedOptions: undefined,
    integratedHsp: false,
    isPreloadSoEnabled: false
  },
  executionMode: 'memory',
  arkCompileCachePath: 'D:\\study\\SYSU\\Fr.S2\\OSSDTech\\SimpleCalculator-master\\entry\\build\\default\\cache\\default\\default@CompileArkTS\\esmodule',
  autoLazyFilter: undefined,
  isHarDeduplicateEnabled: false,
  intermediateHarDuplicateDirPath: 'D:\\study\\SYSU\\Fr.S2\\OSSDTech\\SimpleCalculator-master\\entry\\build\\default\\intermediates\\har_duplicate\\default',
  autoLazyImport: false,
  allowEmptyBundleName: false,
  reExportCheckMode: 'noCheck',
  usePathPlaceholder: false,
  writeRollupCache: true,
  isExpandImportEnabled: false,
  expandImportExclude: '',
  lazyImportExclude: '',
  lazyImportInclude: '',
  ignoreCrossplatformCheck: false,
  skipOhModulesLint: false,
  enableStrictCheckOHModule: false,
  disableSendableCheckRules: [],
  useDeclarationFileSignature: false,
  customizedOptions: undefined,
  integratedHsp: false,
  isPreloadSoEnabled: false,
  strictMode: undefined,
  useNormalizedOHMUrl: false,
  caseSensitiveCheck: false,
  aceModuleJsonPath: 'D:\\study\\SYSU\\Fr.S2\\OSSDTech\\SimpleCalculator-master\\entry\\build\\default\\intermediates\\res\\default\\ark_module.json',
  appResource: 'D:\\study\\SYSU\\Fr.S2\\OSSDTech\\SimpleCalculator-master\\entry\\build\\default\\intermediates\\res\\default\\ResourceTable.txt',
  rawFileResource: 'D:\\study\\SYSU\\Fr.S2\\OSSDTech\\SimpleCalculator-master\\entry\\build\\default\\intermediates\\res\\default\\resources\\rawfile',
  resourceTableHash: 'a42143dfb382c20c50a1576db40eed2e0ff845a1b80d745153d35d102e6a06b7',
  runtimeOS: 'HarmonyOS',
  sdkInfo: 'false:22:6.0.2.130:Release',
  aceModuleRoot: 'D:\\study\\SYSU\\Fr.S2\\OSSDTech\\SimpleCalculator-master\\entry\\src\\main\\ets',
  compileMode: 'esmodule',
  aceSuperVisualPath: 'D:\\study\\SYSU\\Fr.S2\\OSSDTech\\SimpleCalculator-master\\entry\\src\\main\\supervisual',
  aceBuildJson: 'D:\\study\\SYSU\\Fr.S2\\OSSDTech\\SimpleCalculator-master\\entry\\build\\default\\intermediates\\loader\\default\\loader.json',
  cachePath: 'D:\\study\\SYSU\\Fr.S2\\OSSDTech\\SimpleCalculator-master\\entry\\build\\default\\cache\\default\\default@CompileArkTS\\esmodule\\debug',
  aceModuleBuild: 'D:\\study\\SYSU\\Fr.S2\\OSSDTech\\SimpleCalculator-master\\entry\\build\\default\\intermediates\\loader_out\\default\\ets',
  supportChunks: true,
  declaredFilesPath: undefined,
  shouldCollectDirectImportees: false,
  isByteCodeHarOptimize: false,
  expandImportPath: undefined,
  pkgNameToPkgBriefInfo: {
    entry: {
      pkgRoot: 'D:\\study\\SYSU\\Fr.S2\\OSSDTech\\SimpleCalculator-master\\entry',
      originalSourceRoots: undefined,
      sourceRoots: [Array],
      pkgName: 'entry'
    }
  },
  projectModel: {
    'D:\\study\\SYSU\\Fr.S2\\OSSDTech\\SimpleCalculator-master\\entry\\src\\main': {
      moduleName: 'entry',
      modulePkgPath: 'D:\\study\\SYSU\\Fr.S2\\OSSDTech\\SimpleCalculator-master\\entry',
      belongProjectPath: 'D:\\study\\SYSU\\Fr.S2\\OSSDTech\\SimpleCalculator-master'
    },
    'D:\\study\\SYSU\\Fr.S2\\OSSDTech\\SimpleCalculator-master\\entry': {
      moduleName: 'entry',
      modulePkgPath: 'D:\\study\\SYSU\\Fr.S2\\OSSDTech\\SimpleCalculator-master\\entry',
      belongProjectPath: 'D:\\study\\SYSU\\Fr.S2\\OSSDTech\\SimpleCalculator-master'
    },
    'D:\\study\\SYSU\\Fr.S2\\OSSDTech\\SimpleCalculator-master': {
      moduleName: 'SimpleCalculator-master',
      modulePkgPath: 'D:\\study\\SYSU\\Fr.S2\\OSSDTech\\SimpleCalculator-master',
      belongProjectPath: 'D:\\study\\SYSU\\Fr.S2\\OSSDTech\\SimpleCalculator-master'
    }
  },
  pkgJsonFileHash: 'b8f845c80dd835f66b66e997925975ab6c1e0cb4ef1f7ec1607facc48e7024d5',
  allModulePaths: [
    'D:\\study\\SYSU\\Fr.S2\\OSSDTech\\SimpleCalculator-master\\entry'
  ],
  routerMap: {},
  obfuscationOptions: undefined,
  byteCodeHarToDependencyKeys: undefined,
  compileBlockPkg: [],
  mockParams: {
    decorator: '@MockSetup',
    packageName: '@ohos/hamock',
    etsSourceRootPath: 'src/main/ets',
    mockConfigPath: undefined,
    mockConfigKey2ModuleInfo: {},
    source2ModuleIdMap: {}
  },
  copyCodeResourceEnable: true,
  copyCodeResourceExcludes: [],
  copyCodeResourceIncludes: undefined,
  uiTransformOptimization: false,
  sdkPath: 'D:/DevEco Studio/sdk',
  needPreloadSoFileSet: {},
  preloadSoFilePath: 'D:\\study\\SYSU\\Fr.S2\\OSSDTech\\SimpleCalculator-master\\entry\\build\\default\\intermediates\\preload\\default\\preload.json',
  useSourceHash: false,
  localModuleParamMap: {},
  otherPaths: {
    'entry/*': [
      '..\\*',
      '..\\..\\..\\build\\default\\generated\\profile\\default\\*'
    ]
  },
  collectImportersConfig: undefined
}
[2026-05-12T17:24:44.133] [DEBUG] debug-file - Compile arkts with external api path: D:\DevEco Studio\sdk\default\hms\ets
[2026-05-12T17:24:44.134] [DEBUG] debug-file - default@CompileArkTS work[0] is submitted.
[2026-05-12T17:24:44.134] [DEBUG] debug-file - default@CompileArkTS work[0] is pushed to ready queue.
[2026-05-12T17:24:44.135] [DEBUG] debug-file - A work dispatched to worker[31] failed because unable to get work from ready queue.
[2026-05-12T17:24:44.135] [DEBUG] debug-file - A work dispatched to worker[30] failed because unable to get work from ready queue.
[2026-05-12T17:24:44.135] [DEBUG] debug-file - A work dispatched to worker[29] failed because unable to get work from ready queue.
[2026-05-12T17:24:44.135] [DEBUG] debug-file - A work dispatched to worker[28] failed because unable to get work from ready queue.
[2026-05-12T17:24:44.135] [DEBUG] debug-file - A work dispatched to worker[27] failed because unable to get work from ready queue.
[2026-05-12T17:24:44.135] [DEBUG] debug-file - A work dispatched to worker[26] failed because unable to get work from ready queue.
[2026-05-12T17:24:44.135] [DEBUG] debug-file - A work dispatched to worker[25] failed because unable to get work from ready queue.
[2026-05-12T17:24:44.135] [DEBUG] debug-file - A work dispatched to worker[24] failed because unable to get work from ready queue.
[2026-05-12T17:24:44.135] [DEBUG] debug-file - A work dispatched to worker[23] failed because unable to get work from ready queue.
[2026-05-12T17:24:44.135] [DEBUG] debug-file - A work dispatched to worker[22] failed because unable to get work from ready queue.
[2026-05-12T17:24:44.135] [DEBUG] debug-file - A work dispatched to worker[21] failed because unable to get work from ready queue.
[2026-05-12T17:24:44.135] [DEBUG] debug-file - A work dispatched to worker[20] failed because unable to get work from ready queue.
[2026-05-12T17:24:44.135] [DEBUG] debug-file - A work dispatched to worker[19] failed because unable to get work from ready queue.
[2026-05-12T17:24:44.135] [DEBUG] debug-file - A work dispatched to worker[18] failed because unable to get work from ready queue.
[2026-05-12T17:24:44.135] [DEBUG] debug-file - A work dispatched to worker[17] failed because unable to get work from ready queue.
[2026-05-12T17:24:44.135] [DEBUG] debug-file - A work dispatched to worker[16] failed because unable to get work from ready queue.
[2026-05-12T17:24:44.135] [DEBUG] debug-file - A work dispatched to worker[15] failed because unable to get work from ready queue.
[2026-05-12T17:24:44.135] [DEBUG] debug-file - A work dispatched to worker[14] failed because unable to get work from ready queue.
[2026-05-12T17:24:44.135] [DEBUG] debug-file - A work dispatched to worker[13] failed because unable to get work from ready queue.
[2026-05-12T17:24:44.135] [DEBUG] debug-file - A work dispatched to worker[12] failed because unable to get work from ready queue.
[2026-05-12T17:24:44.135] [DEBUG] debug-file - A work dispatched to worker[11] failed because unable to get work from ready queue.
[2026-05-12T17:24:44.135] [DEBUG] debug-file - A work dispatched to worker[10] failed because unable to get work from ready queue.
[2026-05-12T17:24:44.135] [DEBUG] debug-file - A work dispatched to worker[9] failed because unable to get work from ready queue.
[2026-05-12T17:24:44.135] [DEBUG] debug-file - A work dispatched to worker[8] failed because unable to get work from ready queue.
[2026-05-12T17:24:44.135] [DEBUG] debug-file - A work dispatched to worker[7] failed because unable to get work from ready queue.
[2026-05-12T17:24:44.135] [DEBUG] debug-file - A work dispatched to worker[6] failed because unable to get work from ready queue.
[2026-05-12T17:24:44.135] [DEBUG] debug-file - A work dispatched to worker[5] failed because unable to get work from ready queue.
[2026-05-12T17:24:44.136] [DEBUG] debug-file - Create  resident worker with id: 4.
[2026-05-12T17:24:44.137] [DEBUG] debug-file - default@CompileArkTS work[0] has been dispatched to worker[4].
[2026-05-12T17:24:44.137] [DEBUG] debug-file - default@CompileArkTS work[0] is dispatched.
[2026-05-12T17:24:44.137] [DEBUG] debug-file - CopyResources startTime: 5005251181200
[2026-05-12T17:24:44.137] [DEBUG] debug-file - default@CompileArkTS work[1] is submitted.
[2026-05-12T17:24:44.137] [DEBUG] debug-file - default@CompileArkTS work[1] is pushed to ready queue.
[2026-05-12T17:24:44.137] [DEBUG] debug-file - A work dispatched to worker[31] failed because unable to get work from ready queue.
[2026-05-12T17:24:44.137] [DEBUG] debug-file - Create  resident worker with id: 30.
[2026-05-12T17:24:44.138] [DEBUG] debug-file - default@CompileArkTS work[1] has been dispatched to worker[30].
[2026-05-12T17:24:44.138] [DEBUG] debug-file - default@CompileArkTS work[1] is dispatched.
[2026-05-12T17:24:44.138] [DEBUG] debug-file - entry : default@CompileArkTS cost memory 1.8270797729492188
[2026-05-12T17:24:44.139] [DEBUG] debug-file - Executing task :entry:default@BuildJS
[2026-05-12T17:24:44.139] [DEBUG] debug-file - Task 'entry:default@BuildJS' cost while wrapping incremental declarations: 1 ms 
[2026-05-12T17:24:44.141] [DEBUG] debug-file - entry : default@BuildJS cost memory 0.162109375
[2026-05-12T17:24:44.141] [DEBUG] debug-file - runTaskFromQueue task cost before running: 4 s 227 ms 
[2026-05-12T17:24:44.141] [INFO] debug-file - Finished :entry:default@BuildJS... after 2 ms 
[2026-05-12T17:24:44.142] [DEBUG] debug-file - Executing task :entry:default@CacheNativeLibs
[2026-05-12T17:24:44.142] [DEBUG] debug-file - Task 'entry:default@CacheNativeLibs' cost while wrapping incremental declarations: 1 ms 
[2026-05-12T17:24:44.142] [DEBUG] debug-file - default@CacheNativeLibs work[2] is submitted.
[2026-05-12T17:24:44.142] [DEBUG] debug-file - default@CacheNativeLibs work[2] is pushed to ready queue.
[2026-05-12T17:24:44.142] [DEBUG] debug-file - A work dispatched to worker[31] failed because unable to get work from ready queue.
[2026-05-12T17:24:44.142] [DEBUG] debug-file - A work dispatched to worker[30] failed because of worker busy.
[2026-05-12T17:24:44.142] [DEBUG] debug-file - Create  resident worker with id: 29.
[2026-05-12T17:24:44.143] [DEBUG] debug-file - default@CacheNativeLibs work[2] has been dispatched to worker[29].
[2026-05-12T17:24:44.143] [DEBUG] debug-file - default@CacheNativeLibs work[2] is dispatched.
[2026-05-12T17:24:44.143] [DEBUG] debug-file - entry : default@CacheNativeLibs cost memory 0.15186309814453125
[2026-05-12T17:24:45.162] [DEBUG] debug-file - worker[30] has one work done.
[2026-05-12T17:24:45.162] [DEBUG] debug-file - CopyResources is end, endTime: 5006276731600
[2026-05-12T17:24:45.163] [DEBUG] debug-file - default@CompileArkTS work[1] done.
[2026-05-12T17:24:45.163] [DEBUG] debug-file - A work dispatched to worker[30] failed because unable to get work from ready queue.
[2026-05-12T17:24:45.236] [DEBUG] debug-file - worker[29] has one work done.
[2026-05-12T17:24:45.236] [DEBUG] debug-file - default@CacheNativeLibs work[2] done.
[2026-05-12T17:24:45.236] [DEBUG] debug-file - A work dispatched to worker[29] failed because unable to get work from ready queue.
[2026-05-12T17:24:45.237] [INFO] debug-file - Finished :entry:default@CacheNativeLibs... after 8 ms 
[2026-05-12T17:25:07.699] [WARN] debug-file - [33mWARN: [33mArkTS:WARN File: D:/study/SYSU/Fr.S2/OSSDTech/SimpleCalculator-master/entry/src/main/ets/entryability/EntryAbility.ts:24:23
 Cannot find name 'UIContext'.[39m[39m

[2026-05-12T17:25:07.700] [DEBUG] debug-file - Ark compile task finished.finished time is 5028814259900
[2026-05-12T17:25:07.701] [DEBUG] debug-file - worker[4] has one work done.
[2026-05-12T17:25:07.703] [DEBUG] debug-file - default@CompileArkTS work[0] done.
[2026-05-12T17:25:07.703] [DEBUG] debug-file - A work dispatched to worker[4] failed because unable to get work from ready queue.
[2026-05-12T17:25:07.705] [INFO] debug-file - Finished :entry:default@CompileArkTS... after 21 s 341 ms 
[2026-05-12T17:25:07.707] [DEBUG] debug-file - Executing task :entry:default@GeneratePkgModuleJson
[2026-05-12T17:25:07.707] [DEBUG] debug-file - File: 'D:\study\SYSU\Fr.S2\OSSDTech\SimpleCalculator-master\entry\build\default\intermediates\preload\default\preload.json' from 'preloadSoJsonPath' is not exists, just ignore.
[2026-05-12T17:25:07.708] [DEBUG] debug-file - Error occurs while handling @Input 'shouldDeduplicateHar': The "data" argument must be of type string or an instance of Buffer, TypedArray, or DataView. Received undefined
[2026-05-12T17:25:07.708] [DEBUG] debug-file - Task 'entry:default@GeneratePkgModuleJson' cost while wrapping incremental declarations: 2 ms 
[2026-05-12T17:25:07.713] [DEBUG] debug-file - entry : default@GeneratePkgModuleJson cost memory 0.169769287109375
[2026-05-12T17:25:07.714] [DEBUG] debug-file - runTaskFromQueue task cost before running: 27 s 800 ms 
[2026-05-12T17:25:07.714] [INFO] debug-file - Finished :entry:default@GeneratePkgModuleJson... after 7 ms 
[2026-05-12T17:25:07.716] [DEBUG] debug-file - Executing task :entry:default@ProcessCompiledResources
[2026-05-12T17:25:07.716] [DEBUG] debug-file - File: 'D:\study\SYSU\Fr.S2\OSSDTech\SimpleCalculator-master\entry\build\default\intermediates\preload\default\preload.json' from 'preloadSoJsonPath' is not exists, just ignore.
[2026-05-12T17:25:07.717] [DEBUG] debug-file - Task 'entry:default@ProcessCompiledResources' cost while wrapping incremental declarations: 1 ms 
[2026-05-12T17:25:07.717] [DEBUG] debug-file - entry : default@ProcessCompiledResources cost memory 0.06140899658203125
[2026-05-12T17:25:07.718] [DEBUG] debug-file - runTaskFromQueue task cost before running: 27 s 805 ms 
[2026-05-12T17:25:07.718] [INFO] debug-file - Finished :entry:default@ProcessCompiledResources... after 2 ms 
[2026-05-12T17:25:07.723] [DEBUG] debug-file - Executing task :entry:default@PackageHap
[2026-05-12T17:25:07.728] [DEBUG] debug-file - Use tool [D:\DevEco Studio\sdk\default\openharmony\toolchains\lib\app_packing_tool.jar]
 [
  'java',
  '-Dfile.encoding=GBK',
  '-jar',
  'D:\\DevEco Studio\\sdk\\default\\openharmony\\toolchains\\lib\\app_packing_tool.jar',
  '--mode',
  'hap',
  '--force',
  'true',
  '--lib-path',
  'D:\\study\\SYSU\\Fr.S2\\OSSDTech\\SimpleCalculator-master\\entry\\build\\default\\intermediates\\stripped_native_libs\\default',
  '--json-path',
  'D:\\study\\SYSU\\Fr.S2\\OSSDTech\\SimpleCalculator-master\\entry\\build\\default\\intermediates\\package\\default\\module.json',
  '--resources-path',
  'D:\\study\\SYSU\\Fr.S2\\OSSDTech\\SimpleCalculator-master\\entry\\build\\default\\intermediates\\res\\default\\resources',
  '--index-path',
  'D:\\study\\SYSU\\Fr.S2\\OSSDTech\\SimpleCalculator-master\\entry\\build\\default\\intermediates\\res\\default\\resources.index',
  '--pack-info-path',
  'D:\\study\\SYSU\\Fr.S2\\OSSDTech\\SimpleCalculator-master\\entry\\build\\default\\outputs\\default\\pack.info',
  '--out-path',
  'D:\\study\\SYSU\\Fr.S2\\OSSDTech\\SimpleCalculator-master\\entry\\build\\default\\outputs\\default\\entry-default-unsigned.hap',
  '--ets-path',
  'D:\\study\\SYSU\\Fr.S2\\OSSDTech\\SimpleCalculator-master\\entry\\build\\default\\intermediates\\loader_out\\default\\ets'
]
[2026-05-12T17:25:08.232] [DEBUG] debug-file - java daemon socket received message:{"code":0,"message":"pack success"}
[2026-05-12T17:25:08.239] [DEBUG] debug-file - entry : default@PackageHap cost memory -0.09142303466796875
[2026-05-12T17:25:08.240] [DEBUG] debug-file - runTaskFromQueue task cost before running: 28 s 326 ms 
[2026-05-12T17:25:08.240] [INFO] debug-file - Finished :entry:default@PackageHap... after 517 ms 
[2026-05-12T17:25:08.242] [DEBUG] debug-file - Executing task :entry:default@PackingCheck
[2026-05-12T17:25:08.251] [DEBUG] debug-file - entry : default@PackingCheck cost memory -0.2471923828125
[2026-05-12T17:25:08.251] [DEBUG] debug-file - runTaskFromQueue task cost before running: 28 s 338 ms 
[2026-05-12T17:25:08.252] [INFO] debug-file - Finished :entry:default@PackingCheck... after 10 ms 
[2026-05-12T17:25:08.253] [DEBUG] debug-file - Executing task :entry:default@SignHap
[2026-05-12T17:25:08.253] [WARN] debug-file - Will skip sign 'hos_hap'. No signingConfigs profile is configured in current project.
             If needed, configure the signingConfigs in D:\study\SYSU\Fr.S2\OSSDTech\SimpleCalculator-master\build-profile.json5.
[2026-05-12T17:25:08.255] [DEBUG] debug-file - entry : default@SignHap cost memory 0.05739593505859375
[2026-05-12T17:25:08.255] [DEBUG] debug-file - runTaskFromQueue task cost before running: 28 s 342 ms 
[2026-05-12T17:25:08.256] [INFO] debug-file - Finished :entry:default@SignHap... after 2 ms 
[2026-05-12T17:25:08.257] [DEBUG] debug-file - Executing task :entry:default@CollectDebugSymbol
[2026-05-12T17:25:08.258] [DEBUG] debug-file - entry : default@CollectDebugSymbol cost memory 0.10334014892578125
[2026-05-12T17:25:08.258] [DEBUG] debug-file - runTaskFromQueue task cost before running: 28 s 345 ms 
[2026-05-12T17:25:08.258] [INFO] debug-file - Finished :entry:default@CollectDebugSymbol... after 2 ms 
[2026-05-12T17:25:08.259] [DEBUG] debug-file - Executing task :entry:assembleHap
[2026-05-12T17:25:08.259] [DEBUG] debug-file - entry : assembleHap cost memory 0.0128326416015625
[2026-05-12T17:25:08.259] [DEBUG] debug-file - runTaskFromQueue task cost before running: 28 s 345 ms 
[2026-05-12T17:25:08.259] [INFO] debug-file - Finished :entry:assembleHap... after 1 ms 
[2026-05-12T17:25:08.272] [INFO] debug-file - BUILD SUCCESSFUL in 28 s 359 ms 
[2026-05-12T17:25:08.274] [DEBUG] debug-file - Update task entry:default@PreBuild input file:D:\study\SYSU\Fr.S2\OSSDTech\SimpleCalculator-master\AppScope\app.json5 cache by regenerate.
[2026-05-12T17:25:08.275] [DEBUG] debug-file - Update task entry:default@PreBuild input file:D:\study\SYSU\Fr.S2\OSSDTech\SimpleCalculator-master\entry\src\main\module.json5 cache by regenerate.
[2026-05-12T17:25:08.275] [DEBUG] debug-file - Update task entry:default@PreBuild input file:D:\study\SYSU\Fr.S2\OSSDTech\SimpleCalculator-master\build-profile.json5 cache by regenerate.
[2026-05-12T17:25:08.275] [DEBUG] debug-file - Update task entry:default@PreBuild input file:D:\study\SYSU\Fr.S2\OSSDTech\SimpleCalculator-master\entry\build-profile.json5 cache by regenerate.
[2026-05-12T17:25:08.276] [DEBUG] debug-file - Update task entry:default@PreBuild input file:D:\study\SYSU\Fr.S2\OSSDTech\SimpleCalculator-master\entry\src\main\resources\base\profile\main_pages.json cache by regenerate.
[2026-05-12T17:25:08.276] [DEBUG] debug-file - Update task entry:default@PreBuild input file:D:\study\SYSU\Fr.S2\OSSDTech\SimpleCalculator-master\hvigor\hvigor-config.json5 cache by regenerate.
[2026-05-12T17:25:08.276] [DEBUG] debug-file - Update task entry:default@PreBuild input file:D:\study\SYSU\Fr.S2\OSSDTech\SimpleCalculator-master\entry\oh-package.json5 cache by regenerate.
[2026-05-12T17:25:08.276] [DEBUG] debug-file - Update task entry:default@PreBuild input file:D:\study\SYSU\Fr.S2\OSSDTech\SimpleCalculator-master\oh-package.json5 cache by regenerate.
[2026-05-12T17:25:08.277] [DEBUG] debug-file - Incremental task entry:default@PreBuild post-execution cost:4 ms .
[2026-05-12T17:25:08.278] [DEBUG] debug-file - Update task entry:default@CreateModuleInfo output file:D:\study\SYSU\Fr.S2\OSSDTech\SimpleCalculator-master\entry\build\default\generated\profile\default\ModuleInfo.ts cache.
[2026-05-12T17:25:08.278] [DEBUG] debug-file - Incremental task entry:default@CreateModuleInfo post-execution cost:1 ms .
[2026-05-12T17:25:08.278] [DEBUG] debug-file - Update task entry:default@GenerateMetadata input file:D:\study\SYSU\Fr.S2\OSSDTech\SimpleCalculator-master\entry\src\main\module.json5 cache by regenerate.
[2026-05-12T17:25:08.279] [DEBUG] debug-file - Update task entry:default@GenerateMetadata output file:D:\study\SYSU\Fr.S2\OSSDTech\SimpleCalculator-master\entry\build\default\intermediates\hap_metadata\default\output_metadata.json cache.
[2026-05-12T17:25:08.279] [DEBUG] debug-file - Incremental task entry:default@GenerateMetadata post-execution cost:1 ms .
[2026-05-12T17:25:08.279] [DEBUG] debug-file - Update task entry:default@MergeProfile input file:D:\study\SYSU\Fr.S2\OSSDTech\SimpleCalculator-master\AppScope\app.json5 cache by regenerate.
[2026-05-12T17:25:08.280] [DEBUG] debug-file - Update task entry:default@MergeProfile input file:D:\study\SYSU\Fr.S2\OSSDTech\SimpleCalculator-master\build-profile.json5 cache by regenerate.
[2026-05-12T17:25:08.280] [DEBUG] debug-file - Update task entry:default@MergeProfile input file:D:\study\SYSU\Fr.S2\OSSDTech\SimpleCalculator-master\entry\src\main\module.json5 cache by regenerate.
[2026-05-12T17:25:08.280] [DEBUG] debug-file - Update task entry:default@MergeProfile output file:D:\study\SYSU\Fr.S2\OSSDTech\SimpleCalculator-master\entry\build\default\intermediates\merge_profile\default\module.json cache.
[2026-05-12T17:25:08.280] [DEBUG] debug-file - Incremental task entry:default@MergeProfile post-execution cost:2 ms .
[2026-05-12T17:25:08.281] [DEBUG] debug-file - Update task entry:default@CreateBuildProfile input file:D:\study\SYSU\Fr.S2\OSSDTech\SimpleCalculator-master\AppScope\app.json5 cache by regenerate.
[2026-05-12T17:25:08.281] [DEBUG] debug-file - Update task entry:default@CreateBuildProfile input file:D:\study\SYSU\Fr.S2\OSSDTech\SimpleCalculator-master\build-profile.json5 cache by regenerate.
[2026-05-12T17:25:08.281] [DEBUG] debug-file - Update task entry:default@CreateBuildProfile output file:D:\study\SYSU\Fr.S2\OSSDTech\SimpleCalculator-master\entry\build\default\generated\profile\default\BuildProfile.ets cache.
[2026-05-12T17:25:08.281] [DEBUG] debug-file - Incremental task entry:default@CreateBuildProfile post-execution cost:1 ms .
[2026-05-12T17:25:08.281] [DEBUG] debug-file - Update task entry:default@GeneratePkgContextInfo output file:D:\study\SYSU\Fr.S2\OSSDTech\SimpleCalculator-master\entry\build\default\intermediates\loader\default\pkgContextInfo.json cache.
[2026-05-12T17:25:08.282] [DEBUG] debug-file - Incremental task entry:default@GeneratePkgContextInfo post-execution cost:1 ms .
[2026-05-12T17:25:08.282] [DEBUG] debug-file - Update task entry:default@ProcessIntegratedHsp output file:D:\study\SYSU\Fr.S2\OSSDTech\SimpleCalculator-master\build\cache\default\integrated_hsp\integratedHspCache.json cache.
[2026-05-12T17:25:08.282] [DEBUG] debug-file - Incremental task entry:default@ProcessIntegratedHsp post-execution cost:1 ms .
[2026-05-12T17:25:08.282] [DEBUG] debug-file - Update task entry:default@MakePackInfo input file:D:\study\SYSU\Fr.S2\OSSDTech\SimpleCalculator-master\AppScope\app.json5 cache by regenerate.
[2026-05-12T17:25:08.282] [DEBUG] debug-file - Update task entry:default@MakePackInfo input file:D:\study\SYSU\Fr.S2\OSSDTech\SimpleCalculator-master\entry\src\main\module.json5 cache by regenerate.
[2026-05-12T17:25:08.282] [DEBUG] debug-file - Update task entry:default@MakePackInfo input file:D:\study\SYSU\Fr.S2\OSSDTech\SimpleCalculator-master\build-profile.json5 cache by regenerate.
[2026-05-12T17:25:08.283] [DEBUG] debug-file - Update task entry:default@MakePackInfo output file:D:\study\SYSU\Fr.S2\OSSDTech\SimpleCalculator-master\entry\build\default\outputs\default\pack.info cache.
[2026-05-12T17:25:08.283] [DEBUG] debug-file - Incremental task entry:default@MakePackInfo post-execution cost:1 ms .
[2026-05-12T17:25:08.283] [DEBUG] debug-file - Update task entry:default@SyscapTransform input file:D:\DevEco Studio\sdk\default\openharmony\toolchains\syscap_tool.exe cache by regenerate.
[2026-05-12T17:25:08.283] [DEBUG] debug-file - Update task entry:default@SyscapTransform input file:D:\DevEco Studio\sdk\default\openharmony\ets\api\device-define cache by regenerate.
[2026-05-12T17:25:08.284] [DEBUG] debug-file - Update task entry:default@SyscapTransform output file:D:\study\SYSU\Fr.S2\OSSDTech\SimpleCalculator-master\entry\build\default\intermediates\syscap\default\rpcid.sc cache.
[2026-05-12T17:25:08.285] [DEBUG] debug-file - Incremental task entry:default@SyscapTransform post-execution cost:2 ms .
[2026-05-12T17:25:08.285] [DEBUG] debug-file - Update task entry:default@ProcessProfile input file:D:\study\SYSU\Fr.S2\OSSDTech\SimpleCalculator-master\entry\build\default\intermediates\merge_profile\default\module.json cache by regenerate.
[2026-05-12T17:25:08.285] [DEBUG] debug-file - Update task entry:default@ProcessProfile output file:D:\study\SYSU\Fr.S2\OSSDTech\SimpleCalculator-master\entry\build\default\intermediates\process_profile\default\module.json cache.
[2026-05-12T17:25:08.285] [DEBUG] debug-file - Incremental task entry:default@ProcessProfile post-execution cost:1 ms .
[2026-05-12T17:25:08.286] [DEBUG] debug-file - Update task entry:default@ProcessRouterMap input file:D:\study\SYSU\Fr.S2\OSSDTech\SimpleCalculator-master\entry\oh-package.json5 cache by regenerate.
[2026-05-12T17:25:08.286] [DEBUG] debug-file - Update task entry:default@ProcessRouterMap input file:D:\study\SYSU\Fr.S2\OSSDTech\SimpleCalculator-master\oh-package.json5 cache by regenerate.
[2026-05-12T17:25:08.287] [DEBUG] debug-file - Update task entry:default@ProcessRouterMap input file:D:\study\SYSU\Fr.S2\OSSDTech\SimpleCalculator-master\entry\src\main\module.json5 cache by regenerate.
[2026-05-12T17:25:08.287] [DEBUG] debug-file - Update task entry:default@ProcessRouterMap output file:D:\study\SYSU\Fr.S2\OSSDTech\SimpleCalculator-master\entry\build\default\intermediates\router_map\default\temp-router-map.json cache.
[2026-05-12T17:25:08.287] [DEBUG] debug-file - Update task entry:default@ProcessRouterMap output file:D:\study\SYSU\Fr.S2\OSSDTech\SimpleCalculator-master\entry\build\default\intermediates\router_map\default\loader-router-map.json cache.
[2026-05-12T17:25:08.287] [DEBUG] debug-file - Incremental task entry:default@ProcessRouterMap post-execution cost:2 ms .
[2026-05-12T17:25:08.288] [DEBUG] debug-file - Update task entry:default@ProcessShareConfig input file:D:\study\SYSU\Fr.S2\OSSDTech\SimpleCalculator-master\entry\oh-package.json5 cache by regenerate.
[2026-05-12T17:25:08.288] [DEBUG] debug-file - Update task entry:default@ProcessShareConfig input file:D:\study\SYSU\Fr.S2\OSSDTech\SimpleCalculator-master\oh-package.json5 cache by regenerate.
[2026-05-12T17:25:08.288] [DEBUG] debug-file - Update task entry:default@ProcessShareConfig input file:D:\study\SYSU\Fr.S2\OSSDTech\SimpleCalculator-master\entry\src\main\module.json5 cache by regenerate.
[2026-05-12T17:25:08.288] [DEBUG] debug-file - Update task entry:default@ProcessShareConfig output file:D:\study\SYSU\Fr.S2\OSSDTech\SimpleCalculator-master\entry\build\default\intermediates\share_config\default\temp-share-config.json cache.
[2026-05-12T17:25:08.289] [DEBUG] debug-file - Incremental task entry:default@ProcessShareConfig post-execution cost:2 ms .
[2026-05-12T17:25:08.289] [DEBUG] debug-file - Update task entry:default@ProcessStartupConfig output file:D:\study\SYSU\Fr.S2\OSSDTech\SimpleCalculator-master\entry\build\default\intermediates\startup\default\startup_config.json cache.
[2026-05-12T17:25:08.289] [DEBUG] debug-file - Incremental task entry:default@ProcessStartupConfig post-execution cost:1 ms .
[2026-05-12T17:25:08.289] [DEBUG] debug-file - Update task entry:default@ProcessResource output file:D:\study\SYSU\Fr.S2\OSSDTech\SimpleCalculator-master\entry\build\default\intermediates\res\default\resConfig.json cache.
[2026-05-12T17:25:08.289] [DEBUG] debug-file - Update task entry:default@ProcessResource output file:D:\study\SYSU\Fr.S2\OSSDTech\SimpleCalculator-master\entry\build\default\intermediates\res\default\opt-compression.json cache.
[2026-05-12T17:25:08.290] [DEBUG] debug-file - Incremental task entry:default@ProcessResource post-execution cost:1 ms .
[2026-05-12T17:25:08.291] [DEBUG] debug-file - Update task entry:default@GenerateLoaderJson input file:D:\study\SYSU\Fr.S2\OSSDTech\SimpleCalculator-master\entry\build\default\intermediates\router_map\default\temp-router-map.json cache by regenerate.
[2026-05-12T17:25:08.292] [DEBUG] debug-file - Update task entry:default@GenerateLoaderJson output file:D:\study\SYSU\Fr.S2\OSSDTech\SimpleCalculator-master\entry\build\default\intermediates\loader\default\loader.json cache.
[2026-05-12T17:25:08.292] [DEBUG] debug-file - Incremental task entry:default@GenerateLoaderJson post-execution cost:3 ms .
[2026-05-12T17:25:08.292] [DEBUG] debug-file - Update task entry:default@ProcessLibs input file:D:\study\SYSU\Fr.S2\OSSDTech\SimpleCalculator-master\build-profile.json5 cache by regenerate.
[2026-05-12T17:25:08.293] [DEBUG] debug-file - Update task entry:default@ProcessLibs input file:D:\study\SYSU\Fr.S2\OSSDTech\SimpleCalculator-master\entry\build-profile.json5 cache by regenerate.
[2026-05-12T17:25:08.293] [DEBUG] debug-file - Update task entry:default@ProcessLibs output file:D:\study\SYSU\Fr.S2\OSSDTech\SimpleCalculator-master\entry\build\default\intermediates\libs\default cache.
[2026-05-12T17:25:08.293] [DEBUG] debug-file - Incremental task entry:default@ProcessLibs post-execution cost:1 ms .
[2026-05-12T17:25:08.294] [DEBUG] debug-file - Update task entry:default@CompileResource input file:D:\study\SYSU\Fr.S2\OSSDTech\SimpleCalculator-master\entry\src\main\resources cache by regenerate.
[2026-05-12T17:25:08.297] [DEBUG] debug-file - Update task entry:default@CompileResource input file:D:\study\SYSU\Fr.S2\OSSDTech\SimpleCalculator-master\AppScope\resources cache by regenerate.
[2026-05-12T17:25:08.297] [DEBUG] debug-file - Update task entry:default@CompileResource input file:D:\study\SYSU\Fr.S2\OSSDTech\SimpleCalculator-master\entry\build\default\intermediates\process_profile\default\module.json cache by regenerate.
[2026-05-12T17:25:08.298] [DEBUG] debug-file - Update task entry:default@CompileResource input file:D:\study\SYSU\Fr.S2\OSSDTech\SimpleCalculator-master\entry\build\default\intermediates\res\default\resConfig.json cache by regenerate.
[2026-05-12T17:25:08.298] [DEBUG] debug-file - Update task entry:default@CompileResource output file:D:\study\SYSU\Fr.S2\OSSDTech\SimpleCalculator-master\entry\build\default\intermediates\res\default cache.
[2026-05-12T17:25:08.301] [DEBUG] debug-file - Update task entry:default@CompileResource output file:D:\study\SYSU\Fr.S2\OSSDTech\SimpleCalculator-master\entry\build\default\generated\r\default\ResourceTable.h cache.
[2026-05-12T17:25:08.301] [DEBUG] debug-file - Update task entry:default@CompileResource output file:D:\study\SYSU\Fr.S2\OSSDTech\SimpleCalculator-master\entry\build\default\generated\r\default cache.
[2026-05-12T17:25:08.301] [DEBUG] debug-file - Incremental task entry:default@CompileResource post-execution cost:9 ms .
[2026-05-12T17:25:08.302] [DEBUG] debug-file - Update task entry:default@DoNativeStrip input file:D:\study\SYSU\Fr.S2\OSSDTech\SimpleCalculator-master\entry\build\default\intermediates\libs\default cache by regenerate.
[2026-05-12T17:25:08.302] [DEBUG] debug-file - Update task entry:default@DoNativeStrip output file:D:\study\SYSU\Fr.S2\OSSDTech\SimpleCalculator-master\entry\build\default\intermediates\stripped_native_libs\default cache.
[2026-05-12T17:25:08.303] [DEBUG] debug-file - Incremental task entry:default@DoNativeStrip post-execution cost:2 ms .
[2026-05-12T17:25:08.304] [DEBUG] debug-file - Update task entry:default@CompileArkTS input file:D:\study\SYSU\Fr.S2\OSSDTech\SimpleCalculator-master\entry\build\default\intermediates\loader\default cache by regenerate.
[2026-05-12T17:25:08.304] [DEBUG] debug-file - Update task entry:default@CompileArkTS input file:D:\study\SYSU\Fr.S2\OSSDTech\SimpleCalculator-master\entry\build\default\intermediates\res\default\ResourceTable.txt cache by regenerate.
[2026-05-12T17:25:08.304] [DEBUG] debug-file - Update task entry:default@CompileArkTS input file:D:\study\SYSU\Fr.S2\OSSDTech\SimpleCalculator-master\entry\build\default\intermediates\res\default\ark_module.json cache by regenerate.
[2026-05-12T17:25:08.305] [DEBUG] debug-file - Update task entry:default@CompileArkTS input file:D:\study\SYSU\Fr.S2\OSSDTech\SimpleCalculator-master\entry\build\default\intermediates\res\default\resources\base\profile cache by regenerate.
[2026-05-12T17:25:08.305] [DEBUG] debug-file - Update task entry:default@CompileArkTS input file:D:\study\SYSU\Fr.S2\OSSDTech\SimpleCalculator-master\entry\src\main\ets cache by regenerate.
[2026-05-12T17:25:08.307] [DEBUG] debug-file - Update task entry:default@CompileArkTS input file:D:\study\SYSU\Fr.S2\OSSDTech\SimpleCalculator-master\entry\build\default\generated\profile\default\BuildProfile.ets cache by regenerate.
[2026-05-12T17:25:08.307] [DEBUG] debug-file - Update task entry:default@CompileArkTS output file:D:\study\SYSU\Fr.S2\OSSDTech\SimpleCalculator-master\entry\build\default\intermediates\loader_out\default\ets cache.
[2026-05-12T17:25:08.307] [DEBUG] debug-file - Incremental task entry:default@CompileArkTS post-execution cost:5 ms .
[2026-05-12T17:25:08.309] [DEBUG] debug-file - Update task entry:default@BuildJS input file:D:\study\SYSU\Fr.S2\OSSDTech\SimpleCalculator-master\entry\build\default\intermediates\loader\default cache by regenerate.
[2026-05-12T17:25:08.309] [DEBUG] debug-file - Update task entry:default@BuildJS input file:D:\study\SYSU\Fr.S2\OSSDTech\SimpleCalculator-master\entry\build\default\intermediates\res\default\ResourceTable.txt cache by regenerate.
[2026-05-12T17:25:08.309] [DEBUG] debug-file - Update task entry:default@BuildJS input file:D:\study\SYSU\Fr.S2\OSSDTech\SimpleCalculator-master\entry\build\default\intermediates\res\default\ark_module.json cache by regenerate.
[2026-05-12T17:25:08.309] [DEBUG] debug-file - Update task entry:default@BuildJS input file:D:\study\SYSU\Fr.S2\OSSDTech\SimpleCalculator-master\entry\build\default\intermediates\res\default\resources\base\profile cache by regenerate.
[2026-05-12T17:25:08.310] [DEBUG] debug-file - Update task entry:default@BuildJS output file:D:\study\SYSU\Fr.S2\OSSDTech\SimpleCalculator-master\entry\build\default\intermediates\loader_out\default\js cache.
[2026-05-12T17:25:08.310] [DEBUG] debug-file - Incremental task entry:default@BuildJS post-execution cost:3 ms .
[2026-05-12T17:25:08.310] [DEBUG] debug-file - Update task entry:default@CacheNativeLibs input file:D:\study\SYSU\Fr.S2\OSSDTech\SimpleCalculator-master\entry\build\default\intermediates\stripped_native_libs\default cache by regenerate.
[2026-05-12T17:25:08.310] [DEBUG] debug-file - Update task entry:default@CacheNativeLibs input file:D:\study\SYSU\Fr.S2\OSSDTech\SimpleCalculator-master\entry\build\default\intermediates\libs\default cache by regenerate.
[2026-05-12T17:25:08.311] [DEBUG] debug-file - Update task entry:default@CacheNativeLibs output file:D:\study\SYSU\Fr.S2\OSSDTech\SimpleCalculator-master\entry\build\default\intermediates\patch\default\base_native_libs.json cache.
[2026-05-12T17:25:08.311] [DEBUG] debug-file - Incremental task entry:default@CacheNativeLibs post-execution cost:1 ms .
[2026-05-12T17:25:08.311] [DEBUG] debug-file - Update task entry:default@GeneratePkgModuleJson input file:D:\study\SYSU\Fr.S2\OSSDTech\SimpleCalculator-master\entry\build\default\intermediates\res\default\module.json cache by regenerate.
[2026-05-12T17:25:08.311] [DEBUG] debug-file - Update task entry:default@GeneratePkgModuleJson output file:D:\study\SYSU\Fr.S2\OSSDTech\SimpleCalculator-master\entry\build\default\intermediates\package\default\module.json cache.
[2026-05-12T17:25:08.311] [DEBUG] debug-file - Incremental task entry:default@GeneratePkgModuleJson post-execution cost:1 ms .
[2026-05-12T17:25:08.311] [DEBUG] debug-file - Incremental task entry:default@ProcessCompiledResources post-execution cost:1 ms .
[2026-05-12T17:25:08.312] [DEBUG] debug-file - Update task entry:default@PackageHap input file:D:\study\SYSU\Fr.S2\OSSDTech\SimpleCalculator-master\entry\build\default\intermediates\stripped_native_libs\default cache by regenerate.
[2026-05-12T17:25:08.312] [DEBUG] debug-file - Update task entry:default@PackageHap input file:D:\study\SYSU\Fr.S2\OSSDTech\SimpleCalculator-master\entry\build\default\intermediates\res\default\module.json cache by regenerate.
[2026-05-12T17:25:08.312] [DEBUG] debug-file - Update task entry:default@PackageHap input file:D:\study\SYSU\Fr.S2\OSSDTech\SimpleCalculator-master\entry\build\default\intermediates\res\default\resources cache by regenerate.
[2026-05-12T17:25:08.314] [DEBUG] debug-file - Update task entry:default@PackageHap input file:D:\study\SYSU\Fr.S2\OSSDTech\SimpleCalculator-master\entry\build\default\intermediates\res\default\resources.index cache by regenerate.
[2026-05-12T17:25:08.315] [DEBUG] debug-file - Update task entry:default@PackageHap input file:D:\study\SYSU\Fr.S2\OSSDTech\SimpleCalculator-master\entry\build\default\outputs\default\pack.info cache by regenerate.
[2026-05-12T17:25:08.315] [DEBUG] debug-file - Update task entry:default@PackageHap input file:D:\study\SYSU\Fr.S2\OSSDTech\SimpleCalculator-master\entry\build\default\intermediates\loader_out\default\ets cache by regenerate.
[2026-05-12T17:25:08.315] [DEBUG] debug-file - Update task entry:default@PackageHap input file:D:\study\SYSU\Fr.S2\OSSDTech\SimpleCalculator-master\entry\build\default\intermediates\loader_out\default\ets\sourceMaps.map cache by regenerate.
[2026-05-12T17:25:08.316] [DEBUG] debug-file - Update task entry:default@PackageHap input file:D:\study\SYSU\Fr.S2\OSSDTech\SimpleCalculator-master\entry\build\default\generated\profile\default\BuildProfile.ets cache by regenerate.
[2026-05-12T17:25:08.316] [DEBUG] debug-file - Update task entry:default@PackageHap output file:D:\study\SYSU\Fr.S2\OSSDTech\SimpleCalculator-master\entry\build\default\outputs\default\entry-default-unsigned.hap cache.
[2026-05-12T17:25:08.316] [DEBUG] debug-file - Update task entry:default@PackageHap output file:D:\study\SYSU\Fr.S2\OSSDTech\SimpleCalculator-master\entry\build\default\intermediates\source_map\default\sourceMaps.map cache.
[2026-05-12T17:25:08.316] [DEBUG] debug-file - Update task entry:default@PackageHap output file:D:\study\SYSU\Fr.S2\OSSDTech\SimpleCalculator-master\entry\build\default\outputs\default\mapping\sourceMaps.map cache.
[2026-05-12T17:25:08.316] [DEBUG] debug-file - Incremental task entry:default@PackageHap post-execution cost:5 ms .
[2026-05-12T17:25:08.316] [DEBUG] debug-file - Update task entry:default@SignHap input file:D:\study\SYSU\Fr.S2\OSSDTech\SimpleCalculator-master\entry\build\default\outputs\default\entry-default-unsigned.hap cache by regenerate.
[2026-05-12T17:25:08.317] [DEBUG] debug-file - Update task entry:default@SignHap output file:D:\study\SYSU\Fr.S2\OSSDTech\SimpleCalculator-master\entry\build\default\outputs\default\entry-default-signed.hap cache.
[2026-05-12T17:25:08.317] [DEBUG] debug-file - Incremental task entry:default@SignHap post-execution cost:1 ms .
[2026-05-12T17:25:08.317] [DEBUG] debug-file - Update task entry:default@CollectDebugSymbol input file:D:\study\SYSU\Fr.S2\OSSDTech\SimpleCalculator-master\entry\build\default\intermediates\loader_out\default\ets\sourceMaps.map cache by regenerate.
[2026-05-12T17:25:08.318] [DEBUG] debug-file - Update task entry:default@CollectDebugSymbol input file:D:\study\SYSU\Fr.S2\OSSDTech\SimpleCalculator-master\entry\build\default\intermediates\libs\default cache by regenerate.
[2026-05-12T17:25:08.318] [DEBUG] debug-file - Update task entry:default@CollectDebugSymbol output file:D:\study\SYSU\Fr.S2\OSSDTech\SimpleCalculator-master\entry\build\default\outputs\default\symbol cache.
[2026-05-12T17:25:08.318] [DEBUG] debug-file - Incremental task entry:default@CollectDebugSymbol post-execution cost:2 ms .
[2026-05-12T17:25:08.346] [DEBUG] debug-file - Cleanup worker 0.
[2026-05-12T17:25:08.346] [DEBUG] debug-file - Worker 0 has been cleaned up.
[2026-05-12T17:25:08.346] [DEBUG] debug-file - Current idle worker size: 4.
[2026-05-12T17:25:08.346] [DEBUG] debug-file - Current resident worker size: 5.
[2026-05-12T17:25:08.346] [DEBUG] debug-file - Cleanup worker 1.
[2026-05-12T17:25:08.347] [DEBUG] debug-file - Worker 1 has been cleaned up.
[2026-05-12T17:25:08.347] [DEBUG] debug-file - Current idle worker size: 3.
[2026-05-12T17:25:08.347] [DEBUG] debug-file - Current resident worker size: 5.
[2026-05-12T17:25:08.347] [DEBUG] debug-file - Cleanup worker 30.
[2026-05-12T17:25:08.347] [DEBUG] debug-file - Worker 30 has been cleaned up.
[2026-05-12T17:25:08.347] [DEBUG] debug-file - Current idle worker size: 2.
[2026-05-12T17:25:08.347] [DEBUG] debug-file - Current resident worker size: 5.
[2026-05-12T17:25:08.347] [DEBUG] debug-file - Cleanup worker 29.
[2026-05-12T17:25:08.347] [DEBUG] debug-file - Worker 29 has been cleaned up.
[2026-05-12T17:25:08.347] [DEBUG] debug-file - Current idle worker size: 1.
[2026-05-12T17:25:08.347] [DEBUG] debug-file - Current resident worker size: 5.
[2026-05-12T17:25:08.348] [DEBUG] debug-file - hvigor build process will be closed.
[2026-05-12T17:25:08.350] [DEBUG] debug-file - session manager: send message to worker process.
[2026-05-12T17:25:08.351] [DEBUG] debug-file - session manager: send message to worker process.
[2026-05-12T17:25:08.349] [DEBUG] debug-file - java daemon socket close code:1000 reason:close by user
[2026-05-12T17:25:08.351] [DEBUG] debug-file - watch worker: worker id should be larger than 0. Nothing will be sent to any worker thread.
[2026-05-12T17:25:08.352] [DEBUG] debug-file - worker[0] exits with exit code 1.
[2026-05-12T17:25:08.353] [DEBUG] debug-file - worker[1] exits with exit code 1.
[2026-05-12T17:25:08.353] [DEBUG] debug-file - watch worker: worker id should be larger than 0. Nothing will be sent to any worker thread.
[2026-05-12T17:25:08.357] [DEBUG] debug-file - worker[30] exits with exit code 1.
[2026-05-12T17:25:08.359] [DEBUG] debug-file - worker[29] exits with exit code 1.
